<?xml version="1.0" encoding="UTF-8"?>
<!-- Generated by org.testng.reporters.JUnitReportReporter -->
<testsuite skipped="0" hostname="noor-PC" name="Test1.AlwefaqSiteExample" tests="1" failures="0" timestamp="24 Jan 2019 11:09:13 GMT" time="11.760" errors="0">
  <testcase name="test1" time="11.760" classname="Test1.AlwefaqSiteExample"/>
</testsuite> <!-- Test1.AlwefaqSiteExample -->
